[2017-01-05 04:58:58.491][trace][1][0] SRS/3.0.6(OuXuli), stable is SRS/1.0release
[2017-01-05 04:58:58.491][trace][1][0] license: The MIT License (MIT), Copyright (c) 2013-2016 SRS(winlin,wenjie.zhao)
[2017-01-05 04:58:58.491][trace][1][0] authors: winlin,wenjie.zhao
[2017-01-05 04:58:58.491][trace][1][0] contributors: winlin<winlin@vip.126.com> wenjie.zhao<740936897@qq.com> xiangcheng.liu<liuxc0116@foxmail.com> naijia.liu<youngcow@youngcow.net> alcoholyi<alcoholyi@qq.com> byteman<wangchen2011@gmail.com> chad.wang<chad.wang.cn@gmail.com> suhetao<suhetao@gmail.com> Johnny<fengjihu@163.com> karthikeyan<keyanmca@gmail.com> StevenLiu<lq@chinaffmpeg.org> zhengfl<zhengfl_1989@126.com> tufang14<breadbean1449@gmail.com> allspace<allspace@gmail.com> niesongsong<nie950@gmail.com> rudeb0t<nimrod@themanxgroup.tw> CallMeNP<np.liamg@gmail.com> synote<synote@qq.com> lovecat<littlefawn@163.com> panda1986<542638787@qq.com> YueHonghui<hongf.yue@hotmail.com> 
[2017-01-05 04:58:58.491][trace][1][0] build: 2017-01-05 02:40:32, configure:--x86-x64  --with-ssl --with-stat --without-hds --without-nginx --without-ffmpeg --without-transcode --without-ingest --without-stream-caster --without-librtmp --without-utest, uname: Linux 45f28166fed1 4.4.0-57-generic #78-Ubuntu SMP Fri Dec 9 23:50:32 UTC 2016 x86_64 GNU/Linux
[2017-01-05 04:58:58.491][trace][1][0] configure detail: --prefix=/usr/local/srs --with-hls --without-hds --with-dvr --without-nginx --with-ssl --without-ffmpeg --without-transcode --without-ingest --with-stat --with-http-callback --with-http-server --without-stream-caster --with-kafka --with-http-api --without-librtmp --without-research --without-utest --without-gperf --without-gmc --without-gmd --without-gmp --without-gcp --without-gprof --without-arm-ubuntu12 --without-mips-ubuntu12 --log-trace
[2017-01-05 04:58:58.491][trace][1][0] cwd=/usr/local/srs, work_dir=
[2017-01-05 04:58:58.491][trace][1][0] env MALLOC_CHECK_=1 LIBC_FATAL_STDERR_=1
[2017-01-05 04:58:58.491][trace][1][0] srs checking config...
[2017-01-05 04:58:58.491][trace][1][0] ips, local[0] ipv4 172.17.0.2
[2017-01-05 04:58:58.491][trace][1][0] devices, intranet lo 127.0.0.1, intranet eth0 172.17.0.2
[2017-01-05 04:58:58.491][warn][1][0][2] stats network use index=0, ip=172.17.0.2
[2017-01-05 04:58:58.491][warn][1][0][2] stats disk not configed, disk iops disabled.
[2017-01-05 04:58:58.491][trace][1][0] write log to file ./logs/srs.log
[2017-01-05 04:58:58.491][trace][1][0] you can: tailf ./logs/srs.log
[2017-01-05 04:58:58.491][trace][1][0] @see: https://github.com/ossrs/srs/wiki/v1_CN_SrsLog
[2017-01-05 04:58:58.491][trace][1][0] features, rch:on, hls:on, hds:off, hc:on, ha:on, hs:on, hp:on, dvr:on, trans:off, inge:off, kafka:on, stat:on, nginx:off, ff:off, sc:off
[2017-01-05 04:58:58.491][trace][1][0] SRS on  amd64 x86_64, glibc2.19, conf:conf/srs.conf, limit:1000, writev:1024, encoding:little-endian, HZ:100
[2017-01-05 04:58:58.491][trace][1][0] mw sleep:350ms. mr enabled:on, default:0, sleep:350ms, @see https://github.com/ossrs/srs/issues/241
[2017-01-05 04:58:58.491][trace][1][0] gc:on, pq:30s, cscc:[0,16), csa:on, tn:on(may hurts performance), ss:auto(guess by merged write)
[2017-01-05 04:58:58.491][trace][1][0] system default latency in ms: mw(0-350) + mr(0-350) + play-queue(0-30000)
[2017-01-05 04:58:58.491][warn][1][0][2] SRS 3.0.6 is not stable, please use stable branch 1.0release instead
[2017-01-05 04:58:58.491][trace][1][0] http: root mount to ./objs/nginx/html
[2017-01-05 04:58:58.491][trace][1][0] st_init success, use epoll
[2017-01-05 04:58:58.491][trace][1][100] server main cid=100
[2017-01-05 04:58:58.492][trace][1][100] write pid=1 to ./objs/srs.pid success!
[2017-01-05 04:58:58.502][trace][1][100] RTMP listen at tcp://0.0.0.0:1935, fd=8
[2017-01-05 04:58:58.512][trace][1][100] HTTP-API listen at tcp://0.0.0.0:1985, fd=9
[2017-01-05 04:58:58.512][trace][1][100] signal installed, reload=1, dispose=12, persistence=10, grace_quit=15
[2017-01-05 04:58:58.522][trace][1][100] http: api mount /console to ./objs/nginx/html/console
[2017-01-05 04:58:58.543][trace][1][100] kafka async refresh metadata in background
[2017-01-05 05:08:17.112][trace][1][0] SRS/3.0.6(OuXuli), stable is SRS/1.0release
[2017-01-05 05:08:17.112][trace][1][0] license: The MIT License (MIT), Copyright (c) 2013-2016 SRS(winlin,wenjie.zhao)
[2017-01-05 05:08:17.112][trace][1][0] authors: winlin,wenjie.zhao
[2017-01-05 05:08:17.112][trace][1][0] contributors: winlin<winlin@vip.126.com> wenjie.zhao<740936897@qq.com> xiangcheng.liu<liuxc0116@foxmail.com> naijia.liu<youngcow@youngcow.net> alcoholyi<alcoholyi@qq.com> byteman<wangchen2011@gmail.com> chad.wang<chad.wang.cn@gmail.com> suhetao<suhetao@gmail.com> Johnny<fengjihu@163.com> karthikeyan<keyanmca@gmail.com> StevenLiu<lq@chinaffmpeg.org> zhengfl<zhengfl_1989@126.com> tufang14<breadbean1449@gmail.com> allspace<allspace@gmail.com> niesongsong<nie950@gmail.com> rudeb0t<nimrod@themanxgroup.tw> CallMeNP<np.liamg@gmail.com> synote<synote@qq.com> lovecat<littlefawn@163.com> panda1986<542638787@qq.com> YueHonghui<hongf.yue@hotmail.com> 
[2017-01-05 05:08:17.112][trace][1][0] build: 2016-12-12 07:29:54, configure:--x86-x64  --with-ssl --with-stat --without-hds --without-nginx --without-ffmpeg --without-transcode --without-ingest --without-stream-caster --without-librtmp --without-utest, uname: Linux 7a509c5e6742 4.4.27-hypriotos-v7+ #1 SMP PREEMPT Fri Oct 28 09:06:49 UTC 2016 armv7l GNU/Linux
[2017-01-05 05:08:17.112][trace][1][0] configure detail: --prefix=/usr/local/srs --with-hls --without-hds --with-dvr --without-nginx --with-ssl --without-ffmpeg --without-transcode --without-ingest --with-stat --with-http-callback --with-http-server --without-stream-caster --with-kafka --with-http-api --without-librtmp --without-research --without-utest --without-gperf --without-gmc --without-gmd --without-gmp --without-gcp --without-gprof --without-arm-ubuntu12 --without-mips-ubuntu12 --log-trace
[2017-01-05 05:08:17.112][trace][1][0] cwd=/usr/local/srs, work_dir=
[2017-01-05 05:08:17.114][trace][1][0] env MALLOC_CHECK_=1 LIBC_FATAL_STDERR_=1
[2017-01-05 05:08:17.114][trace][1][0] srs checking config...
[2017-01-05 05:08:17.116][warn][1][0][96] retrieve local ips, ini ifaddrs failed.
[2017-01-05 05:08:17.117][error][1][0][96] stats network invalid, total local ip count=0, index=0, ret=1023(Protocol family not supported)
[2017-01-05 05:08:17.565][trace][1][0] SRS/3.0.6(OuXuli), stable is SRS/1.0release
[2017-01-05 05:08:17.565][trace][1][0] license: The MIT License (MIT), Copyright (c) 2013-2016 SRS(winlin,wenjie.zhao)
[2017-01-05 05:08:17.565][trace][1][0] authors: winlin,wenjie.zhao
[2017-01-05 05:08:17.565][trace][1][0] contributors: winlin<winlin@vip.126.com> wenjie.zhao<740936897@qq.com> xiangcheng.liu<liuxc0116@foxmail.com> naijia.liu<youngcow@youngcow.net> alcoholyi<alcoholyi@qq.com> byteman<wangchen2011@gmail.com> chad.wang<chad.wang.cn@gmail.com> suhetao<suhetao@gmail.com> Johnny<fengjihu@163.com> karthikeyan<keyanmca@gmail.com> StevenLiu<lq@chinaffmpeg.org> zhengfl<zhengfl_1989@126.com> tufang14<breadbean1449@gmail.com> allspace<allspace@gmail.com> niesongsong<nie950@gmail.com> rudeb0t<nimrod@themanxgroup.tw> CallMeNP<np.liamg@gmail.com> synote<synote@qq.com> lovecat<littlefawn@163.com> panda1986<542638787@qq.com> YueHonghui<hongf.yue@hotmail.com> 
[2017-01-05 05:08:17.566][trace][1][0] build: 2016-12-12 07:29:54, configure:--x86-x64  --with-ssl --with-stat --without-hds --without-nginx --without-ffmpeg --without-transcode --without-ingest --without-stream-caster --without-librtmp --without-utest, uname: Linux 7a509c5e6742 4.4.27-hypriotos-v7+ #1 SMP PREEMPT Fri Oct 28 09:06:49 UTC 2016 armv7l GNU/Linux
[2017-01-05 05:08:17.566][trace][1][0] configure detail: --prefix=/usr/local/srs --with-hls --without-hds --with-dvr --without-nginx --with-ssl --without-ffmpeg --without-transcode --without-ingest --with-stat --with-http-callback --with-http-server --without-stream-caster --with-kafka --with-http-api --without-librtmp --without-research --without-utest --without-gperf --without-gmc --without-gmd --without-gmp --without-gcp --without-gprof --without-arm-ubuntu12 --without-mips-ubuntu12 --log-trace
[2017-01-05 05:08:17.566][trace][1][0] cwd=/usr/local/srs, work_dir=
[2017-01-05 05:08:17.567][trace][1][0] env MALLOC_CHECK_=1 LIBC_FATAL_STDERR_=1
[2017-01-05 05:08:17.567][trace][1][0] srs checking config...
[2017-01-05 05:08:17.569][warn][1][0][96] retrieve local ips, ini ifaddrs failed.
[2017-01-05 05:08:17.569][error][1][0][96] stats network invalid, total local ip count=0, index=0, ret=1023(Protocol family not supported)
[2017-01-05 05:08:18.123][trace][1][0] SRS/3.0.6(OuXuli), stable is SRS/1.0release
[2017-01-05 05:08:18.124][trace][1][0] license: The MIT License (MIT), Copyright (c) 2013-2016 SRS(winlin,wenjie.zhao)
[2017-01-05 05:08:18.124][trace][1][0] authors: winlin,wenjie.zhao
[2017-01-05 05:08:18.124][trace][1][0] contributors: winlin<winlin@vip.126.com> wenjie.zhao<740936897@qq.com> xiangcheng.liu<liuxc0116@foxmail.com> naijia.liu<youngcow@youngcow.net> alcoholyi<alcoholyi@qq.com> byteman<wangchen2011@gmail.com> chad.wang<chad.wang.cn@gmail.com> suhetao<suhetao@gmail.com> Johnny<fengjihu@163.com> karthikeyan<keyanmca@gmail.com> StevenLiu<lq@chinaffmpeg.org> zhengfl<zhengfl_1989@126.com> tufang14<breadbean1449@gmail.com> allspace<allspace@gmail.com> niesongsong<nie950@gmail.com> rudeb0t<nimrod@themanxgroup.tw> CallMeNP<np.liamg@gmail.com> synote<synote@qq.com> lovecat<littlefawn@163.com> panda1986<542638787@qq.com> YueHonghui<hongf.yue@hotmail.com> 
[2017-01-05 05:08:18.124][trace][1][0] build: 2016-12-12 07:29:54, configure:--x86-x64  --with-ssl --with-stat --without-hds --without-nginx --without-ffmpeg --without-transcode --without-ingest --without-stream-caster --without-librtmp --without-utest, uname: Linux 7a509c5e6742 4.4.27-hypriotos-v7+ #1 SMP PREEMPT Fri Oct 28 09:06:49 UTC 2016 armv7l GNU/Linux
[2017-01-05 05:08:18.124][trace][1][0] configure detail: --prefix=/usr/local/srs --with-hls --without-hds --with-dvr --without-nginx --with-ssl --without-ffmpeg --without-transcode --without-ingest --with-stat --with-http-callback --with-http-server --without-stream-caster --with-kafka --with-http-api --without-librtmp --without-research --without-utest --without-gperf --without-gmc --without-gmd --without-gmp --without-gcp --without-gprof --without-arm-ubuntu12 --without-mips-ubuntu12 --log-trace
[2017-01-05 05:08:18.124][trace][1][0] cwd=/usr/local/srs, work_dir=
[2017-01-05 05:08:18.125][trace][1][0] env MALLOC_CHECK_=1 LIBC_FATAL_STDERR_=1
[2017-01-05 05:08:18.125][trace][1][0] srs checking config...
[2017-01-05 05:08:18.127][warn][1][0][96] retrieve local ips, ini ifaddrs failed.
[2017-01-05 05:08:18.128][error][1][0][96] stats network invalid, total local ip count=0, index=0, ret=1023(Protocol family not supported)
[2017-01-05 05:08:18.827][trace][1][0] SRS/3.0.6(OuXuli), stable is SRS/1.0release
[2017-01-05 05:08:18.828][trace][1][0] license: The MIT License (MIT), Copyright (c) 2013-2016 SRS(winlin,wenjie.zhao)
[2017-01-05 05:08:18.828][trace][1][0] authors: winlin,wenjie.zhao
[2017-01-05 05:08:18.828][trace][1][0] contributors: winlin<winlin@vip.126.com> wenjie.zhao<740936897@qq.com> xiangcheng.liu<liuxc0116@foxmail.com> naijia.liu<youngcow@youngcow.net> alcoholyi<alcoholyi@qq.com> byteman<wangchen2011@gmail.com> chad.wang<chad.wang.cn@gmail.com> suhetao<suhetao@gmail.com> Johnny<fengjihu@163.com> karthikeyan<keyanmca@gmail.com> StevenLiu<lq@chinaffmpeg.org> zhengfl<zhengfl_1989@126.com> tufang14<breadbean1449@gmail.com> allspace<allspace@gmail.com> niesongsong<nie950@gmail.com> rudeb0t<nimrod@themanxgroup.tw> CallMeNP<np.liamg@gmail.com> synote<synote@qq.com> lovecat<littlefawn@163.com> panda1986<542638787@qq.com> YueHonghui<hongf.yue@hotmail.com> 
[2017-01-05 05:08:18.828][trace][1][0] build: 2016-12-12 07:29:54, configure:--x86-x64  --with-ssl --with-stat --without-hds --without-nginx --without-ffmpeg --without-transcode --without-ingest --without-stream-caster --without-librtmp --without-utest, uname: Linux 7a509c5e6742 4.4.27-hypriotos-v7+ #1 SMP PREEMPT Fri Oct 28 09:06:49 UTC 2016 armv7l GNU/Linux
[2017-01-05 05:08:18.828][trace][1][0] configure detail: --prefix=/usr/local/srs --with-hls --without-hds --with-dvr --without-nginx --with-ssl --without-ffmpeg --without-transcode --without-ingest --with-stat --with-http-callback --with-http-server --without-stream-caster --with-kafka --with-http-api --without-librtmp --without-research --without-utest --without-gperf --without-gmc --without-gmd --without-gmp --without-gcp --without-gprof --without-arm-ubuntu12 --without-mips-ubuntu12 --log-trace
[2017-01-05 05:08:18.828][trace][1][0] cwd=/usr/local/srs, work_dir=
[2017-01-05 05:08:18.829][trace][1][0] env MALLOC_CHECK_=1 LIBC_FATAL_STDERR_=1
[2017-01-05 05:08:18.829][trace][1][0] srs checking config...
[2017-01-05 05:08:18.831][warn][1][0][96] retrieve local ips, ini ifaddrs failed.
[2017-01-05 05:08:18.832][error][1][0][96] stats network invalid, total local ip count=0, index=0, ret=1023(Protocol family not supported)
[2017-01-05 05:08:19.951][trace][1][0] SRS/3.0.6(OuXuli), stable is SRS/1.0release
[2017-01-05 05:08:19.951][trace][1][0] license: The MIT License (MIT), Copyright (c) 2013-2016 SRS(winlin,wenjie.zhao)
[2017-01-05 05:08:19.951][trace][1][0] authors: winlin,wenjie.zhao
[2017-01-05 05:08:19.951][trace][1][0] contributors: winlin<winlin@vip.126.com> wenjie.zhao<740936897@qq.com> xiangcheng.liu<liuxc0116@foxmail.com> naijia.liu<youngcow@youngcow.net> alcoholyi<alcoholyi@qq.com> byteman<wangchen2011@gmail.com> chad.wang<chad.wang.cn@gmail.com> suhetao<suhetao@gmail.com> Johnny<fengjihu@163.com> karthikeyan<keyanmca@gmail.com> StevenLiu<lq@chinaffmpeg.org> zhengfl<zhengfl_1989@126.com> tufang14<breadbean1449@gmail.com> allspace<allspace@gmail.com> niesongsong<nie950@gmail.com> rudeb0t<nimrod@themanxgroup.tw> CallMeNP<np.liamg@gmail.com> synote<synote@qq.com> lovecat<littlefawn@163.com> panda1986<542638787@qq.com> YueHonghui<hongf.yue@hotmail.com> 
[2017-01-05 05:08:19.951][trace][1][0] build: 2016-12-12 07:29:54, configure:--x86-x64  --with-ssl --with-stat --without-hds --without-nginx --without-ffmpeg --without-transcode --without-ingest --without-stream-caster --without-librtmp --without-utest, uname: Linux 7a509c5e6742 4.4.27-hypriotos-v7+ #1 SMP PREEMPT Fri Oct 28 09:06:49 UTC 2016 armv7l GNU/Linux
[2017-01-05 05:08:19.952][trace][1][0] configure detail: --prefix=/usr/local/srs --with-hls --without-hds --with-dvr --without-nginx --with-ssl --without-ffmpeg --without-transcode --without-ingest --with-stat --with-http-callback --with-http-server --without-stream-caster --with-kafka --with-http-api --without-librtmp --without-research --without-utest --without-gperf --without-gmc --without-gmd --without-gmp --without-gcp --without-gprof --without-arm-ubuntu12 --without-mips-ubuntu12 --log-trace
[2017-01-05 05:08:19.952][trace][1][0] cwd=/usr/local/srs, work_dir=
[2017-01-05 05:08:19.952][trace][1][0] env MALLOC_CHECK_=1 LIBC_FATAL_STDERR_=1
[2017-01-05 05:08:19.953][trace][1][0] srs checking config...
[2017-01-05 05:08:19.955][warn][1][0][96] retrieve local ips, ini ifaddrs failed.
[2017-01-05 05:08:19.955][error][1][0][96] stats network invalid, total local ip count=0, index=0, ret=1023(Protocol family not supported)
[2017-01-05 05:08:21.882][trace][1][0] SRS/3.0.6(OuXuli), stable is SRS/1.0release
[2017-01-05 05:08:21.882][trace][1][0] license: The MIT License (MIT), Copyright (c) 2013-2016 SRS(winlin,wenjie.zhao)
[2017-01-05 05:08:21.882][trace][1][0] authors: winlin,wenjie.zhao
[2017-01-05 05:08:21.882][trace][1][0] contributors: winlin<winlin@vip.126.com> wenjie.zhao<740936897@qq.com> xiangcheng.liu<liuxc0116@foxmail.com> naijia.liu<youngcow@youngcow.net> alcoholyi<alcoholyi@qq.com> byteman<wangchen2011@gmail.com> chad.wang<chad.wang.cn@gmail.com> suhetao<suhetao@gmail.com> Johnny<fengjihu@163.com> karthikeyan<keyanmca@gmail.com> StevenLiu<lq@chinaffmpeg.org> zhengfl<zhengfl_1989@126.com> tufang14<breadbean1449@gmail.com> allspace<allspace@gmail.com> niesongsong<nie950@gmail.com> rudeb0t<nimrod@themanxgroup.tw> CallMeNP<np.liamg@gmail.com> synote<synote@qq.com> lovecat<littlefawn@163.com> panda1986<542638787@qq.com> YueHonghui<hongf.yue@hotmail.com> 
[2017-01-05 05:08:21.882][trace][1][0] build: 2016-12-12 07:29:54, configure:--x86-x64  --with-ssl --with-stat --without-hds --without-nginx --without-ffmpeg --without-transcode --without-ingest --without-stream-caster --without-librtmp --without-utest, uname: Linux 7a509c5e6742 4.4.27-hypriotos-v7+ #1 SMP PREEMPT Fri Oct 28 09:06:49 UTC 2016 armv7l GNU/Linux
[2017-01-05 05:08:21.882][trace][1][0] configure detail: --prefix=/usr/local/srs --with-hls --without-hds --with-dvr --without-nginx --with-ssl --without-ffmpeg --without-transcode --without-ingest --with-stat --with-http-callback --with-http-server --without-stream-caster --with-kafka --with-http-api --without-librtmp --without-research --without-utest --without-gperf --without-gmc --without-gmd --without-gmp --without-gcp --without-gprof --without-arm-ubuntu12 --without-mips-ubuntu12 --log-trace
[2017-01-05 05:08:21.882][trace][1][0] cwd=/usr/local/srs, work_dir=
[2017-01-05 05:08:21.883][trace][1][0] env MALLOC_CHECK_=1 LIBC_FATAL_STDERR_=1
[2017-01-05 05:08:21.883][trace][1][0] srs checking config...
[2017-01-05 05:08:21.885][warn][1][0][96] retrieve local ips, ini ifaddrs failed.
[2017-01-05 05:08:21.886][error][1][0][96] stats network invalid, total local ip count=0, index=0, ret=1023(Protocol family not supported)
[2017-01-05 05:08:25.430][trace][1][0] SRS/3.0.6(OuXuli), stable is SRS/1.0release
[2017-01-05 05:08:25.431][trace][1][0] license: The MIT License (MIT), Copyright (c) 2013-2016 SRS(winlin,wenjie.zhao)
[2017-01-05 05:08:25.431][trace][1][0] authors: winlin,wenjie.zhao
[2017-01-05 05:08:25.431][trace][1][0] contributors: winlin<winlin@vip.126.com> wenjie.zhao<740936897@qq.com> xiangcheng.liu<liuxc0116@foxmail.com> naijia.liu<youngcow@youngcow.net> alcoholyi<alcoholyi@qq.com> byteman<wangchen2011@gmail.com> chad.wang<chad.wang.cn@gmail.com> suhetao<suhetao@gmail.com> Johnny<fengjihu@163.com> karthikeyan<keyanmca@gmail.com> StevenLiu<lq@chinaffmpeg.org> zhengfl<zhengfl_1989@126.com> tufang14<breadbean1449@gmail.com> allspace<allspace@gmail.com> niesongsong<nie950@gmail.com> rudeb0t<nimrod@themanxgroup.tw> CallMeNP<np.liamg@gmail.com> synote<synote@qq.com> lovecat<littlefawn@163.com> panda1986<542638787@qq.com> YueHonghui<hongf.yue@hotmail.com> 
[2017-01-05 05:08:25.431][trace][1][0] build: 2016-12-12 07:29:54, configure:--x86-x64  --with-ssl --with-stat --without-hds --without-nginx --without-ffmpeg --without-transcode --without-ingest --without-stream-caster --without-librtmp --without-utest, uname: Linux 7a509c5e6742 4.4.27-hypriotos-v7+ #1 SMP PREEMPT Fri Oct 28 09:06:49 UTC 2016 armv7l GNU/Linux
[2017-01-05 05:08:25.431][trace][1][0] configure detail: --prefix=/usr/local/srs --with-hls --without-hds --with-dvr --without-nginx --with-ssl --without-ffmpeg --without-transcode --without-ingest --with-stat --with-http-callback --with-http-server --without-stream-caster --with-kafka --with-http-api --without-librtmp --without-research --without-utest --without-gperf --without-gmc --without-gmd --without-gmp --without-gcp --without-gprof --without-arm-ubuntu12 --without-mips-ubuntu12 --log-trace
[2017-01-05 05:08:25.431][trace][1][0] cwd=/usr/local/srs, work_dir=
[2017-01-05 05:08:25.432][trace][1][0] env MALLOC_CHECK_=1 LIBC_FATAL_STDERR_=1
[2017-01-05 05:08:25.432][trace][1][0] srs checking config...
[2017-01-05 05:08:25.434][warn][1][0][96] retrieve local ips, ini ifaddrs failed.
[2017-01-05 05:08:25.434][error][1][0][96] stats network invalid, total local ip count=0, index=0, ret=1023(Protocol family not supported)
[2017-01-05 05:08:32.168][trace][1][0] SRS/3.0.6(OuXuli), stable is SRS/1.0release
[2017-01-05 05:08:32.168][trace][1][0] license: The MIT License (MIT), Copyright (c) 2013-2016 SRS(winlin,wenjie.zhao)
[2017-01-05 05:08:32.168][trace][1][0] authors: winlin,wenjie.zhao
[2017-01-05 05:08:32.168][trace][1][0] contributors: winlin<winlin@vip.126.com> wenjie.zhao<740936897@qq.com> xiangcheng.liu<liuxc0116@foxmail.com> naijia.liu<youngcow@youngcow.net> alcoholyi<alcoholyi@qq.com> byteman<wangchen2011@gmail.com> chad.wang<chad.wang.cn@gmail.com> suhetao<suhetao@gmail.com> Johnny<fengjihu@163.com> karthikeyan<keyanmca@gmail.com> StevenLiu<lq@chinaffmpeg.org> zhengfl<zhengfl_1989@126.com> tufang14<breadbean1449@gmail.com> allspace<allspace@gmail.com> niesongsong<nie950@gmail.com> rudeb0t<nimrod@themanxgroup.tw> CallMeNP<np.liamg@gmail.com> synote<synote@qq.com> lovecat<littlefawn@163.com> panda1986<542638787@qq.com> YueHonghui<hongf.yue@hotmail.com> 
[2017-01-05 05:08:32.168][trace][1][0] build: 2016-12-12 07:29:54, configure:--x86-x64  --with-ssl --with-stat --without-hds --without-nginx --without-ffmpeg --without-transcode --without-ingest --without-stream-caster --without-librtmp --without-utest, uname: Linux 7a509c5e6742 4.4.27-hypriotos-v7+ #1 SMP PREEMPT Fri Oct 28 09:06:49 UTC 2016 armv7l GNU/Linux
[2017-01-05 05:08:32.168][trace][1][0] configure detail: --prefix=/usr/local/srs --with-hls --without-hds --with-dvr --without-nginx --with-ssl --without-ffmpeg --without-transcode --without-ingest --with-stat --with-http-callback --with-http-server --without-stream-caster --with-kafka --with-http-api --without-librtmp --without-research --without-utest --without-gperf --without-gmc --without-gmd --without-gmp --without-gcp --without-gprof --without-arm-ubuntu12 --without-mips-ubuntu12 --log-trace
[2017-01-05 05:08:32.168][trace][1][0] cwd=/usr/local/srs, work_dir=
[2017-01-05 05:08:32.169][trace][1][0] env MALLOC_CHECK_=1 LIBC_FATAL_STDERR_=1
[2017-01-05 05:08:32.169][trace][1][0] srs checking config...
[2017-01-05 05:08:32.172][warn][1][0][96] retrieve local ips, ini ifaddrs failed.
[2017-01-05 05:08:32.172][error][1][0][96] stats network invalid, total local ip count=0, index=0, ret=1023(Protocol family not supported)
[2017-01-05 05:08:45.329][trace][1][0] SRS/3.0.6(OuXuli), stable is SRS/1.0release
[2017-01-05 05:08:45.329][trace][1][0] license: The MIT License (MIT), Copyright (c) 2013-2016 SRS(winlin,wenjie.zhao)
[2017-01-05 05:08:45.329][trace][1][0] authors: winlin,wenjie.zhao
[2017-01-05 05:08:45.329][trace][1][0] contributors: winlin<winlin@vip.126.com> wenjie.zhao<740936897@qq.com> xiangcheng.liu<liuxc0116@foxmail.com> naijia.liu<youngcow@youngcow.net> alcoholyi<alcoholyi@qq.com> byteman<wangchen2011@gmail.com> chad.wang<chad.wang.cn@gmail.com> suhetao<suhetao@gmail.com> Johnny<fengjihu@163.com> karthikeyan<keyanmca@gmail.com> StevenLiu<lq@chinaffmpeg.org> zhengfl<zhengfl_1989@126.com> tufang14<breadbean1449@gmail.com> allspace<allspace@gmail.com> niesongsong<nie950@gmail.com> rudeb0t<nimrod@themanxgroup.tw> CallMeNP<np.liamg@gmail.com> synote<synote@qq.com> lovecat<littlefawn@163.com> panda1986<542638787@qq.com> YueHonghui<hongf.yue@hotmail.com> 
[2017-01-05 05:08:45.329][trace][1][0] build: 2016-12-12 07:29:54, configure:--x86-x64  --with-ssl --with-stat --without-hds --without-nginx --without-ffmpeg --without-transcode --without-ingest --without-stream-caster --without-librtmp --without-utest, uname: Linux 7a509c5e6742 4.4.27-hypriotos-v7+ #1 SMP PREEMPT Fri Oct 28 09:06:49 UTC 2016 armv7l GNU/Linux
[2017-01-05 05:08:45.329][trace][1][0] configure detail: --prefix=/usr/local/srs --with-hls --without-hds --with-dvr --without-nginx --with-ssl --without-ffmpeg --without-transcode --without-ingest --with-stat --with-http-callback --with-http-server --without-stream-caster --with-kafka --with-http-api --without-librtmp --without-research --without-utest --without-gperf --without-gmc --without-gmd --without-gmp --without-gcp --without-gprof --without-arm-ubuntu12 --without-mips-ubuntu12 --log-trace
[2017-01-05 05:08:45.330][trace][1][0] cwd=/usr/local/srs, work_dir=
[2017-01-05 05:08:45.330][trace][1][0] env MALLOC_CHECK_=1 LIBC_FATAL_STDERR_=1
[2017-01-05 05:08:45.330][trace][1][0] srs checking config...
[2017-01-05 05:08:45.333][warn][1][0][96] retrieve local ips, ini ifaddrs failed.
[2017-01-05 05:08:45.333][error][1][0][96] stats network invalid, total local ip count=0, index=0, ret=1023(Protocol family not supported)
[2017-01-05 05:15:19.514][trace][1][0] SRS/3.0.6(OuXuli), stable is SRS/1.0release
[2017-01-05 05:15:19.514][trace][1][0] license: The MIT License (MIT), Copyright (c) 2013-2016 SRS(winlin,wenjie.zhao)
[2017-01-05 05:15:19.514][trace][1][0] authors: winlin,wenjie.zhao
[2017-01-05 05:15:19.514][trace][1][0] contributors: winlin<winlin@vip.126.com> wenjie.zhao<740936897@qq.com> xiangcheng.liu<liuxc0116@foxmail.com> naijia.liu<youngcow@youngcow.net> alcoholyi<alcoholyi@qq.com> byteman<wangchen2011@gmail.com> chad.wang<chad.wang.cn@gmail.com> suhetao<suhetao@gmail.com> Johnny<fengjihu@163.com> karthikeyan<keyanmca@gmail.com> StevenLiu<lq@chinaffmpeg.org> zhengfl<zhengfl_1989@126.com> tufang14<breadbean1449@gmail.com> allspace<allspace@gmail.com> niesongsong<nie950@gmail.com> rudeb0t<nimrod@themanxgroup.tw> CallMeNP<np.liamg@gmail.com> synote<synote@qq.com> lovecat<littlefawn@163.com> panda1986<542638787@qq.com> YueHonghui<hongf.yue@hotmail.com> 
[2017-01-05 05:15:19.514][trace][1][0] build: 2017-01-05 02:40:32, configure:--x86-x64  --with-ssl --with-stat --without-hds --without-nginx --without-ffmpeg --without-transcode --without-ingest --without-stream-caster --without-librtmp --without-utest, uname: Linux 45f28166fed1 4.4.0-57-generic #78-Ubuntu SMP Fri Dec 9 23:50:32 UTC 2016 x86_64 GNU/Linux
[2017-01-05 05:15:19.514][trace][1][0] configure detail: --prefix=/usr/local/srs --with-hls --without-hds --with-dvr --without-nginx --with-ssl --without-ffmpeg --without-transcode --without-ingest --with-stat --with-http-callback --with-http-server --without-stream-caster --with-kafka --with-http-api --without-librtmp --without-research --without-utest --without-gperf --without-gmc --without-gmd --without-gmp --without-gcp --without-gprof --without-arm-ubuntu12 --without-mips-ubuntu12 --log-trace
[2017-01-05 05:15:19.514][trace][1][0] cwd=/usr/local/srs, work_dir=
[2017-01-05 05:15:19.514][trace][1][0] env MALLOC_CHECK_=1 LIBC_FATAL_STDERR_=1
[2017-01-05 05:15:19.514][trace][1][0] srs checking config...
[2017-01-05 05:15:19.515][trace][1][0] ips, local[0] ipv4 172.17.0.2
[2017-01-05 05:15:19.515][trace][1][0] devices, intranet lo 127.0.0.1, intranet eth0 172.17.0.2
[2017-01-05 05:15:19.515][warn][1][0][0] stats network use index=0, ip=172.17.0.2
[2017-01-05 05:15:19.515][warn][1][0][0] stats disk not configed, disk iops disabled.
[2017-01-05 05:15:19.515][trace][1][0] write log to file ./logs/srs.log
[2017-01-05 05:15:19.515][trace][1][0] you can: tailf ./logs/srs.log
[2017-01-05 05:15:19.515][trace][1][0] @see: https://github.com/ossrs/srs/wiki/v1_CN_SrsLog
[2017-01-05 05:15:19.515][trace][1][0] features, rch:on, hls:on, hds:off, hc:on, ha:on, hs:on, hp:on, dvr:on, trans:off, inge:off, kafka:on, stat:on, nginx:off, ff:off, sc:off
[2017-01-05 05:15:19.515][trace][1][0] SRS on  amd64 x86_64, glibc2.19, conf:conf/srs.conf, limit:1000, writev:1024, encoding:little-endian, HZ:100
[2017-01-05 05:15:19.515][trace][1][0] mw sleep:350ms. mr enabled:on, default:0, sleep:350ms, @see https://github.com/ossrs/srs/issues/241
[2017-01-05 05:15:19.515][trace][1][0] gc:on, pq:30s, cscc:[0,16), csa:on, tn:on(may hurts performance), ss:auto(guess by merged write)
[2017-01-05 05:15:19.515][trace][1][0] system default latency in ms: mw(0-350) + mr(0-350) + play-queue(0-30000)
[2017-01-05 05:15:19.515][warn][1][0][0] SRS 3.0.6 is not stable, please use stable branch 1.0release instead
[2017-01-05 05:15:19.515][trace][1][0] http: root mount to ./objs/nginx/html
[2017-01-05 05:15:19.515][trace][1][0] st_init success, use epoll
[2017-01-05 05:15:19.515][trace][1][100] server main cid=100
[2017-01-05 05:15:19.515][trace][1][100] write pid=1 to ./objs/srs.pid success!
[2017-01-05 05:15:19.525][trace][1][100] RTMP listen at tcp://0.0.0.0:1935, fd=8
[2017-01-05 05:15:19.535][trace][1][100] HTTP-API listen at tcp://0.0.0.0:1985, fd=9
[2017-01-05 05:15:19.536][trace][1][100] signal installed, reload=1, dispose=12, persistence=10, grace_quit=15
[2017-01-05 05:15:19.546][trace][1][100] http: api mount /console to ./objs/nginx/html/console
[2017-01-05 05:15:19.566][trace][1][100] kafka async refresh metadata in background
[2017-01-05 05:16:14.471][trace][1][107] api get peer ip success. ip=172.17.0.1
[2017-01-05 05:16:14.471][trace][1][107] HTTP API GET http://127.0.0.1:1985/api/v1/streams/, content-length=-1, chunked=0/0
[2017-01-05 05:16:17.773][trace][1][107] HTTP API GET http://127.0.0.1:1985/api/v1, content-length=-1, chunked=0/0
[2017-01-05 05:16:17.801][trace][1][107] HTTP API GET http://127.0.0.1:1985/api/v1/, content-length=-1, chunked=0/0
[2017-01-05 05:16:22.100][trace][1][107] HTTP API GET http://127.0.0.1:1985/api/v1/clients, content-length=-1, chunked=0/0
[2017-01-05 05:16:22.136][trace][1][107] HTTP API GET http://127.0.0.1:1985/api/v1/clients/, content-length=-1, chunked=0/0
[2017-01-05 05:16:26.356][trace][1][107] HTTP API GET http://127.0.0.1:1985/api/v1/, content-length=-1, chunked=0/0
[2017-01-05 05:16:39.568][trace][1][107] HTTP API GET http://127.0.0.1:1985/api/v1/rusages, content-length=-1, chunked=0/0
[2017-01-05 05:16:51.742][trace][1][107] HTTP API GET http://127.0.0.1:1985/api/v1/, content-length=-1, chunked=0/0
[2017-01-05 05:17:01.058][trace][1][107] HTTP API GET http://127.0.0.1:1985/api/v1/vhosts, content-length=-1, chunked=0/0
[2017-01-05 05:17:01.081][trace][1][107] HTTP API GET http://127.0.0.1:1985/api/v1/vhosts/, content-length=-1, chunked=0/0
[2017-01-05 05:17:06.884][trace][1][107] HTTP API GET http://127.0.0.1:1985/api/v1/, content-length=-1, chunked=0/0
[2017-01-05 05:17:23.071][trace][1][107] HTTP API GET http://127.0.0.1:1985/api/v1/requests, content-length=-1, chunked=0/0
[2017-01-05 05:17:28.558][trace][1][107] HTTP API GET http://127.0.0.1:1985/api/v1/requests, content-length=-1, chunked=0/0
[2017-01-05 05:17:50.060][trace][1][107] HTTP API GET http://127.0.0.1:1985/api/v1/features, content-length=-1, chunked=0/0
[2017-01-05 05:18:46.497][trace][1][107] HTTP API GET http://127.0.0.1:1985/api/v1/features, content-length=-1, chunked=0/0
[2017-01-05 05:19:46.497][warn][1][107][62] client disconnect peer. oret=1011, ret=1004
